Time resolution is 1 ps
5000	 IDLE	00	0	0
15000	 IDLE	00	0	0
=== 测试开始 ===
Time	State		Coin	Sell	Change
----	-----		----	----	------

测试1: 4个0.5元硬币
25000	 IDLE	00	0	0
35000	 IDLE	01	0	0
45000	GET05	00	0	0
55000	GET05	01	0	0
65000	GET10	00	0	0
75000	GET10	01	0	0
85000	GET15	00	0	0
95000	GET15	01	0	0
105000	 SOLD	00	1	0
115000	 IDLE	00	0	0
125000	 IDLE	00	0	0

测试2: 2个1元硬币
135000	 IDLE	00	0	0
145000	 IDLE	10	0	0
155000	GET10	00	0	0
165000	GET10	10	0	0
175000	 SOLD	00	1	0
185000	 IDLE	00	0	0
195000	 IDLE	00	0	0

测试3: 1元+0.5元+0.5元
205000	 IDLE	00	0	0
215000	 IDLE	10	0	0
225000	GET10	00	0	0
235000	GET10	01	0	0
245000	GET15	00	0	0
255000	GET15	01	0	0
265000	 SOLD	00	1	0
275000	 IDLE	00	0	0
285000	 IDLE	00	0	0

测试4: 1元+1元（找零）
295000	 IDLE	00	0	0
305000	 IDLE	10	0	0
315000	GET10	00	0	0
325000	GET10	10	0	0
335000	 SOLD	00	1	0
345000	 IDLE	00	0	0
355000	 IDLE	00	0	0

=== 测试结束 ===
$finish called at time : 360 ns : File "/home/leo/vivado_project/4/project_4/project_4.srcs/sim_1/new/test.v" Line 97
