Time resolution is 1 ps
仿真开始时间:                    0
复位已释放，开始测试流水灯序列
时间:               195000, 计数器:  0, LED状态: 1010101010101010
  --> 状态1开始: 奇偶闪烁
时间:               295000, 计数器:  1, LED状态: 0101010101010101
时间:               395000, 计数器:  2, LED状态: 1010101010101010
时间:               495000, 计数器:  3, LED状态: 0101010101010101
时间:               595000, 计数器:  4, LED状态: 1010101010101010
时间:               695000, 计数器:  5, LED状态: 0101010101010101
时间:               795000, 计数器:  6, LED状态: 1010101010101010
时间:               895000, 计数器:  7, LED状态: 0101010101010101
时间:               995000, 计数器:  8, LED状态: 0000000000000001
  --> 状态2开始: 从右到左点亮
时间:              1095000, 计数器:  9, LED状态: 0000000000000011
时间:              1195000, 计数器: 10, LED状态: 0000000000000111
时间:              1295000, 计数器: 11, LED状态: 0000000000001111
时间:              1395000, 计数器: 12, LED状态: 0000000000011111
时间:              1495000, 计数器: 13, LED状态: 0000000000111111
时间:              1595000, 计数器: 14, LED状态: 0000000001111111
时间:              1695000, 计数器: 15, LED状态: 0000000011111111
时间:              1795000, 计数器: 16, LED状态: 0000000111111111
时间:              1895000, 计数器: 17, LED状态: 0000001111111111
时间:              1995000, 计数器: 18, LED状态: 0000011111111111
时间:              2095000, 计数器: 19, LED状态: 0000111111111111
时间:              2195000, 计数器: 20, LED状态: 0001111111111111
时间:              2295000, 计数器: 21, LED状态: 0011111111111111
时间:              2395000, 计数器: 22, LED状态: 0111111111111111
时间:              2495000, 计数器: 23, LED状态: 1111111111111111
时间:              2595000, 计数器: 24, LED状态: 0111111111111111
  --> 状态3开始: 从左到右熄灭
时间:              2695000, 计数器: 25, LED状态: 0011111111111111
时间:              2795000, 计数器: 26, LED状态: 0001111111111111
时间:              2895000, 计数器: 27, LED状态: 0000111111111111
时间:              2995000, 计数器: 28, LED状态: 0000011111111111
时间:              3095000, 计数器: 29, LED状态: 0000001111111111
时间:              3195000, 计数器: 30, LED状态: 0000000111111111
时间:              3295000, 计数器: 31, LED状态: 0000000011111111
时间:              3395000, 计数器: 32, LED状态: 0000000001111111
时间:              3495000, 计数器: 33, LED状态: 0000000000111111
时间:              3595000, 计数器: 34, LED状态: 0000000000011111
时间:              3695000, 计数器: 35, LED状态: 0000000000001111
时间:              3795000, 计数器: 36, LED状态: 0000000000000111
时间:              3895000, 计数器: 37, LED状态: 0000000000000011
时间:              3995000, 计数器: 38, LED状态: 0000000000000001
时间:              4095000, 计数器: 39, LED状态: 0000000000000000
时间:              4195000, 计数器: 40, LED状态: 1010101010101010
  --> 状态4开始: 奇偶闪烁
时间:              4295000, 计数器: 41, LED状态: 0101010101010101
时间:              4395000, 计数器: 42, LED状态: 1010101010101010
时间:              4495000, 计数器: 43, LED状态: 0101010101010101
时间:              4595000, 计数器: 44, LED状态: 1010101010101010
时间:              4695000, 计数器: 45, LED状态: 0101010101010101
时间:              4795000, 计数器: 46, LED状态: 1010101010101010
时间:              4895000, 计数器: 47, LED状态: 0101010101010101
时间:              4995000, 计数器: 48, LED状态: 1000000000000001
  --> 状态5开始: 从两边到中间点亮
时间:              5095000, 计数器: 49, LED状态: 1100000000000011
时间:              5195000, 计数器: 50, LED状态: 1110000000000111
时间:              5295000, 计数器: 51, LED状态: 1111000000001111
时间:              5395000, 计数器: 52, LED状态: 1111100000011111
时间:              5495000, 计数器: 53, LED状态: 1111110000111111
时间:              5595000, 计数器: 54, LED状态: 1111111001111111
时间:              5695000, 计数器: 55, LED状态: 1111111111111111
时间:              5795000, 计数器: 56, LED状态: 1111111101111111
  --> 状态6开始: 从中间到两边熄灭
时间:              5895000, 计数器: 57, LED状态: 1111110000111111
时间:              5995000, 计数器: 58, LED状态: 1111100000011111
时间:              6095000, 计数器: 59, LED状态: 1111000000001111
时间:              6195000, 计数器: 60, LED状态: 1110000000000111
时间:              6295000, 计数器: 61, LED状态: 1100000000000011
时间:              6395000, 计数器: 62, LED状态: 1000000000000001
时间:              6495000, 计数器: 63, LED状态: 0000000000000000
  --> 周期完成，开始循环
时间:              6595000, 计数器:  0, LED状态: 1010101010101010
  --> 状态1开始: 奇偶闪烁
时间:              6695000, 计数器:  1, LED状态: 0101010101010101
时间:              6795000, 计数器:  2, LED状态: 1010101010101010
时间:              6895000, 计数器:  3, LED状态: 0101010101010101
时间:              6995000, 计数器:  4, LED状态: 1010101010101010
