
*** Running vivado
    with args -log vending_machine.vds -m64 -product Vivado -mode batch -messageDb vivado.pb -notrace -source vending_machine.tcl


****** Vivado v2023.2 (64-bit)
  **** SW Build 4029153 on Fri Oct 13 20:13:54 MDT 2023
  **** IP Build 4028589 on Sat Oct 14 00:45:43 MDT 2023
  **** SharedData Build 4025554 on Tue Oct 10 17:18:54 MDT 2023
    ** Copyright 1986-2022 Xilinx, Inc. All Rights Reserved.
    ** Copyright 2022-2023 Advanced Micro Devices, Inc. All Rights Reserved.

source vending_machine.tcl -notrace
create_project: Time (s): cpu = 00:00:06 ; elapsed = 00:00:06 . Memory (MB): peak = 1336.270 ; gain = 62.227 ; free physical = 2346 ; free virtual = 6736
Command: synth_design -top vending_machine -part xc7a35tcpg236-1
Starting synth_design
Attempting to get a license for feature 'Synthesis' and/or device 'xc7a35t'
INFO: [Common 17-349] Got license for feature 'Synthesis' and/or device 'xc7a35t'
INFO: [Device 21-403] Loading part xc7a35tcpg236-1
INFO: [Synth 8-7079] Multithreading enabled for synth_design using a maximum of 4 processes.
INFO: [Synth 8-7078] Launching helper process for spawning children vivado processes
INFO: [Synth 8-7075] Helper process launched with PID 7846
---------------------------------------------------------------------------------
Starting RTL Elaboration : Time (s): cpu = 00:00:02 ; elapsed = 00:00:06 . Memory (MB): peak = 2020.086 ; gain = 405.715 ; free physical = 1339 ; free virtual = 5757
---------------------------------------------------------------------------------
INFO: [Synth 8-6157] synthesizing module 'vending_machine' [/home/leo/vivado_project/4/4.srcs/sources_1/new/machine.v:3]
INFO: [Synth 8-6155] done synthesizing module 'vending_machine' (0#1) [/home/leo/vivado_project/4/4.srcs/sources_1/new/machine.v:3]
---------------------------------------------------------------------------------
Finished RTL Elaboration : Time (s): cpu = 00:00:02 ; elapsed = 00:00:08 . Memory (MB): peak = 2093.055 ; gain = 478.684 ; free physical = 1241 ; free virtual = 5662
---------------------------------------------------------------------------------
---------------------------------------------------------------------------------
Start Handling Custom Attributes
---------------------------------------------------------------------------------
---------------------------------------------------------------------------------
Finished Handling Custom Attributes : Time (s): cpu = 00:00:02 ; elapsed = 00:00:08 . Memory (MB): peak = 2110.867 ; gain = 496.496 ; free physical = 1239 ; free virtual = 5659
---------------------------------------------------------------------------------
---------------------------------------------------------------------------------
Finished RTL Optimization Phase 1 : Time (s): cpu = 00:00:02 ; elapsed = 00:00:08 . Memory (MB): peak = 2110.867 ; gain = 496.496 ; free physical = 1239 ; free virtual = 5659
---------------------------------------------------------------------------------
Netlist sorting complete. Time (s): cpu = 00:00:00 ; elapsed = 00:00:00 . Memory (MB): peak = 2110.867 ; gain = 0.000 ; free physical = 1239 ; free virtual = 5659
INFO: [Project 1-570] Preparing netlist for logic optimization

Processing XDC Constraints
Initializing timing engine
Parsing XDC File [/home/leo/vivado_project/4/4.srcs/constrs_1/new/x_machine.xdc]
Finished Parsing XDC File [/home/leo/vivado_project/4/4.srcs/constrs_1/new/x_machine.xdc]
INFO: [Project 1-236] Implementation specific constraints were found while reading constraint file [/home/leo/vivado_project/4/4.srcs/constrs_1/new/x_machine.xdc]. These constraints will be ignored for synthesis but will be used in implementation. Impacted constraints are listed in the file [.Xil/vending_machine_propImpl.xdc].
Resolution: To avoid this warning, move constraints listed in [.Xil/vending_machine_propImpl.xdc] to another XDC file and exclude this new file from synthesis with the used_in_synthesis property (File Properties dialog in GUI) and re-run elaboration/synthesis.
Completed Processing XDC Constraints

Netlist sorting complete. Time (s): cpu = 00:00:00 ; elapsed = 00:00:00 . Memory (MB): peak = 2217.617 ; gain = 0.000 ; free physical = 1208 ; free virtual = 5643
INFO: [Project 1-111] Unisim Transformation Summary:
No Unisim elements were transformed.

Constraint Validation Runtime : Time (s): cpu = 00:00:00 ; elapsed = 00:00:00 . Memory (MB): peak = 2217.652 ; gain = 0.000 ; free physical = 1207 ; free virtual = 5642
---------------------------------------------------------------------------------
Finished Constraint Validation : Time (s): cpu = 00:00:08 ; elapsed = 00:00:14 . Memory (MB): peak = 2217.652 ; gain = 603.281 ; free physical = 1205 ; free virtual = 5640
---------------------------------------------------------------------------------
---------------------------------------------------------------------------------
Start Loading Part and Timing Information
---------------------------------------------------------------------------------
Loading part: xc7a35tcpg236-1
---------------------------------------------------------------------------------
Finished Loading Part and Timing Information : Time (s): cpu = 00:00:08 ; elapsed = 00:00:14 . Memory (MB): peak = 2217.652 ; gain = 603.281 ; free physical = 1205 ; free virtual = 5640
---------------------------------------------------------------------------------
---------------------------------------------------------------------------------
Start Applying 'set_property' XDC Constraints
---------------------------------------------------------------------------------
---------------------------------------------------------------------------------
Finished applying 'set_property' XDC Constraints : Time (s): cpu = 00:00:08 ; elapsed = 00:00:14 . Memory (MB): peak = 2217.652 ; gain = 603.281 ; free physical = 1205 ; free virtual = 5640
---------------------------------------------------------------------------------
INFO: [Synth 8-802] inferred FSM for state register 'current_state_reg' in module 'vending_machine'
---------------------------------------------------------------------------------------------------
                   State |                     New Encoding |                Previous Encoding 
---------------------------------------------------------------------------------------------------
                    IDLE |                           000001 |                              000
                   GET05 |                           000010 |                              001
                   GET10 |                           000100 |                              010
                   GET15 |                           001000 |                              011
                   SOLD1 |                           010000 |                              101
                   SOLD0 |                           100000 |                              100
---------------------------------------------------------------------------------------------------
INFO: [Synth 8-3354] encoded FSM with state register 'current_state_reg' using encoding 'one-hot' in module 'vending_machine'
---------------------------------------------------------------------------------
Finished RTL Optimization Phase 2 : Time (s): cpu = 00:00:08 ; elapsed = 00:00:14 . Memory (MB): peak = 2217.652 ; gain = 603.281 ; free physical = 1204 ; free virtual = 5639
---------------------------------------------------------------------------------
---------------------------------------------------------------------------------
Start RTL Component Statistics 
---------------------------------------------------------------------------------
Detailed RTL Component Info : 
+---Registers : 
	                1 Bit    Registers := 2     
+---Muxes : 
	   6 Input    6 Bit        Muxes := 1     
	   3 Input    6 Bit        Muxes := 4     
	   3 Input    3 Bit        Muxes := 2     
	   6 Input    3 Bit        Muxes := 1     
	   3 Input    2 Bit        Muxes := 2     
	   2 Input    1 Bit        Muxes := 4     
---------------------------------------------------------------------------------
Finished RTL Component Statistics 
---------------------------------------------------------------------------------
---------------------------------------------------------------------------------
Start Part Resource Summary
---------------------------------------------------------------------------------
Part Resources:
DSPs: 90 (col length:60)
BRAMs: 100 (col length: RAMB18 60 RAMB36 30)
---------------------------------------------------------------------------------
Finished Part Resource Summary
---------------------------------------------------------------------------------
---------------------------------------------------------------------------------
Start Cross Boundary and Area Optimization
---------------------------------------------------------------------------------
WARNING: [Synth 8-7080] Parallel synthesis criteria is not met
---------------------------------------------------------------------------------
Finished Cross Boundary and Area Optimization : Time (s): cpu = 00:00:09 ; elapsed = 00:00:16 . Memory (MB): peak = 2217.652 ; gain = 603.281 ; free physical = 1207 ; free virtual = 5647
---------------------------------------------------------------------------------
---------------------------------------------------------------------------------
Start Applying XDC Timing Constraints
---------------------------------------------------------------------------------
---------------------------------------------------------------------------------
Finished Applying XDC Timing Constraints : Time (s): cpu = 00:00:13 ; elapsed = 00:00:20 . Memory (MB): peak = 2217.652 ; gain = 603.281 ; free physical = 1200 ; free virtual = 5647
---------------------------------------------------------------------------------
---------------------------------------------------------------------------------
Start Timing Optimization
---------------------------------------------------------------------------------
---------------------------------------------------------------------------------
Finished Timing Optimization : Time (s): cpu = 00:00:13 ; elapsed = 00:00:20 . Memory (MB): peak = 2217.652 ; gain = 603.281 ; free physical = 1200 ; free virtual = 5647
---------------------------------------------------------------------------------
---------------------------------------------------------------------------------
Start Technology Mapping
---------------------------------------------------------------------------------
---------------------------------------------------------------------------------
Finished Technology Mapping : Time (s): cpu = 00:00:13 ; elapsed = 00:00:20 . Memory (MB): peak = 2217.652 ; gain = 603.281 ; free physical = 1200 ; free virtual = 5647
---------------------------------------------------------------------------------
---------------------------------------------------------------------------------
Start IO Insertion
---------------------------------------------------------------------------------
---------------------------------------------------------------------------------
Start Flattening Before IO Insertion
---------------------------------------------------------------------------------
---------------------------------------------------------------------------------
Finished Flattening Before IO Insertion
---------------------------------------------------------------------------------
---------------------------------------------------------------------------------
Start Final Netlist Cleanup
---------------------------------------------------------------------------------
---------------------------------------------------------------------------------
Finished Final Netlist Cleanup
---------------------------------------------------------------------------------
---------------------------------------------------------------------------------
Finished IO Insertion : Time (s): cpu = 00:00:17 ; elapsed = 00:00:23 . Memory (MB): peak = 2217.652 ; gain = 603.281 ; free physical = 1200 ; free virtual = 5647
---------------------------------------------------------------------------------
---------------------------------------------------------------------------------
Start Renaming Generated Instances
---------------------------------------------------------------------------------
---------------------------------------------------------------------------------
Finished Renaming Generated Instances : Time (s): cpu = 00:00:17 ; elapsed = 00:00:23 . Memory (MB): peak = 2217.652 ; gain = 603.281 ; free physical = 1200 ; free virtual = 5647
---------------------------------------------------------------------------------
---------------------------------------------------------------------------------
Start Rebuilding User Hierarchy
---------------------------------------------------------------------------------
---------------------------------------------------------------------------------
Finished Rebuilding User Hierarchy : Time (s): cpu = 00:00:17 ; elapsed = 00:00:23 . Memory (MB): peak = 2217.652 ; gain = 603.281 ; free physical = 1200 ; free virtual = 5647
---------------------------------------------------------------------------------
---------------------------------------------------------------------------------
Start Renaming Generated Ports
---------------------------------------------------------------------------------
---------------------------------------------------------------------------------
Finished Renaming Generated Ports : Time (s): cpu = 00:00:17 ; elapsed = 00:00:23 . Memory (MB): peak = 2217.652 ; gain = 603.281 ; free physical = 1200 ; free virtual = 5647
---------------------------------------------------------------------------------
---------------------------------------------------------------------------------
Start Handling Custom Attributes
---------------------------------------------------------------------------------
---------------------------------------------------------------------------------
Finished Handling Custom Attributes : Time (s): cpu = 00:00:17 ; elapsed = 00:00:23 . Memory (MB): peak = 2217.652 ; gain = 603.281 ; free physical = 1200 ; free virtual = 5647
---------------------------------------------------------------------------------
---------------------------------------------------------------------------------
Start Renaming Generated Nets
---------------------------------------------------------------------------------
---------------------------------------------------------------------------------
Finished Renaming Generated Nets : Time (s): cpu = 00:00:17 ; elapsed = 00:00:23 . Memory (MB): peak = 2217.652 ; gain = 603.281 ; free physical = 1200 ; free virtual = 5647
---------------------------------------------------------------------------------
---------------------------------------------------------------------------------
Start Writing Synthesis Report
---------------------------------------------------------------------------------

Report BlackBoxes: 
+-+--------------+----------+
| |BlackBox name |Instances |
+-+--------------+----------+
+-+--------------+----------+

Report Cell Usage: 
+------+-----+------+
|      |Cell |Count |
+------+-----+------+
|1     |BUFG |     1|
|2     |LUT1 |     1|
|3     |LUT3 |     1|
|4     |LUT4 |     2|
|5     |LUT5 |     3|
|6     |LUT6 |     2|
|7     |FDCE |     7|
|8     |FDPE |     1|
|9     |IBUF |     4|
|10    |OBUF |     2|
+------+-----+------+
---------------------------------------------------------------------------------
Finished Writing Synthesis Report : Time (s): cpu = 00:00:17 ; elapsed = 00:00:23 . Memory (MB): peak = 2217.652 ; gain = 603.281 ; free physical = 1200 ; free virtual = 5647
---------------------------------------------------------------------------------
Synthesis finished with 0 errors, 0 critical warnings and 1 warnings.
Synthesis Optimization Runtime : Time (s): cpu = 00:00:16 ; elapsed = 00:00:22 . Memory (MB): peak = 2217.652 ; gain = 496.496 ; free physical = 1200 ; free virtual = 5647
Synthesis Optimization Complete : Time (s): cpu = 00:00:17 ; elapsed = 00:00:23 . Memory (MB): peak = 2217.652 ; gain = 603.281 ; free physical = 1200 ; free virtual = 5647
INFO: [Project 1-571] Translating synthesized netlist
Netlist sorting complete. Time (s): cpu = 00:00:00 ; elapsed = 00:00:00 . Memory (MB): peak = 2217.652 ; gain = 0.000 ; free physical = 1199 ; free virtual = 5648
INFO: [Project 1-570] Preparing netlist for logic optimization
INFO: [Opt 31-138] Pushed 0 inverter(s) to 0 load pin(s).
Netlist sorting complete. Time (s): cpu = 00:00:00 ; elapsed = 00:00:00 . Memory (MB): peak = 2217.652 ; gain = 0.000 ; free physical = 1519 ; free virtual = 5970
INFO: [Project 1-111] Unisim Transformation Summary:
No Unisim elements were transformed.

Synth Design complete | Checksum: 6e5c10b0
INFO: [Common 17-83] Releasing license: Synthesis
17 Infos, 1 Warnings, 0 Critical Warnings and 0 Errors encountered.
synth_design completed successfully
synth_design: Time (s): cpu = 00:00:21 ; elapsed = 00:00:29 . Memory (MB): peak = 2217.652 ; gain = 881.383 ; free physical = 1519 ; free virtual = 5970
INFO: [Common 17-2834] synth_design peak Physical Memory [PSS] (MB): overall = 1856.763; main = 1486.709; forked = 422.011
INFO: [Common 17-2834] synth_design peak Virtual Memory [VSS] (MB): overall = 3210.965; main = 2217.621; forked = 1025.359
Write ShapeDB Complete: Time (s): cpu = 00:00:00 ; elapsed = 00:00:00 . Memory (MB): peak = 2241.629 ; gain = 0.000 ; free physical = 1519 ; free virtual = 5970
INFO: [Common 17-1381] The checkpoint '/home/leo/vivado_project/4/4.runs/synth_1/vending_machine.dcp' has been generated.
INFO: [runtcl-4] Executing : report_utilization -file vending_machine_utilization_synth.rpt -pb vending_machine_utilization_synth.pb
INFO: [Common 17-206] Exiting Vivado at Tue Nov 18 11:25:49 2025...
