Time resolution is 1 ps
ејЂе§‹и‡ЄеЉЁе”®еЌ–жњєд»їзњџжµ‹иЇ•
ж—¶й—ґ	зЉ¶жЂЃ		жЉ•еёЃ	е‡єиґ§	ж‰ѕй›¶	жЏЏиї°
==================================================================

--- жµ‹иЇ•1: е¤ЌдЅЌеЉџиѓЅжµ‹иЇ• ---
                5000	е¤ЌдЅЌзЉ¶жЂЃ	-	-	-	зі»з»џе¤ЌдЅЌ
               15000	е¤ЌдЅЌзЉ¶жЂЃ	-	-	-	зі»з»џе¤ЌдЅЌ
               25000	е¤ЌдЅЌзЉ¶жЂЃ	-	-	-	зі»з»џе¤ЌдЅЌ
               35000	 IDLE	00	0	0	яеяяяЉяяяЃ
               45000	 IDLE	00	0	0	яеяяяЉяяяЃ

--- жµ‹иЇ•2: 0.5е…ѓ * 4 -> е®Њж€ђиґ­д№° ---
               55000	 IDLE	01	0	0	яеяҐ0.яяяѓ
               65000	GET05	01	0	0	яеяҐ0.яяяѓ
               75000	GET10	01	0	0	яеяҐ0.яяяѓ
               85000	GET15	01	0	0	яеяҐ0.яяяѓ
               95000	 IDLE	00	1	0	яияяя®яяяђ
              105000	 IDLE	00	0	0	яеяяяЉяяяЃ

--- жµ‹иЇ•3: 1е…ѓ * 2 -> е®Њж€ђиґ­д№° ---
              115000	 IDLE	10	0	0	яЉяяяҐяяяѓ
              125000	GET10	10	0	0	яЉяяяҐяяяѓ
              135000	 IDLE	00	1	0	яияяя®яяяђ
              145000	 IDLE	00	0	0	яеяяяЉяяяЃ

--- жµ‹иЇ•4: 1е…ѓ + 0.5е…ѓ + 0.5е…ѓ -> е®Њж€ђиґ­д№° ---
              155000	 IDLE	10	0	0	яЉяяяҐяяяѓ
              165000	GET10	01	0	0	яеяҐ0.яяяѓ
              175000	GET15	01	0	0	яеяҐ0.яяяѓ
              185000	 IDLE	00	1	0	яияяя®яяяђ
              195000	 IDLE	00	0	0	яеяяяЉяяяЃ

--- жµ‹иЇ•5: 1е…ѓ + 0.5е…ѓ + 1е…ѓ -> е®Њж€ђиґ­д№°е№¶ж‰ѕй›¶ ---
              205000	 IDLE	10	0	0	яЉяяяҐяяяѓ
              215000	GET10	01	0	0	яеяҐ0.яяяѓ
              225000	GET15	10	0	0	яЉяяяҐяяяѓ
              235000	 IDLE	00	1	1	яйя¶0.яяяѓ
              245000	 IDLE	00	0	0	яеяяяЉяяяЃ

--- жµ‹иЇ•6: 0.5е…ѓ + 1е…ѓ + 0.5е…ѓ -> е®Њж€ђиґ­д№° ---
              255000	 IDLE	01	0	0	яеяҐ0.яяяѓ
              265000	GET05	10	0	0	яЉяяяҐяяяѓ
              275000	GET15	01	0	0	яеяҐ0.яяяѓ
              285000	 IDLE	00	1	0	яияяя®яяяђ
              295000	 IDLE	00	0	0	яеяяяЉяяяЃ

--- жµ‹иЇ•7: ж— ж•€жЉ•еёЃжµ‹иЇ• ---
              305000	 IDLE	11	0	0	яжяяяЉяяяЃ
              315000	 IDLE	00	0	0	яеяяяЉяяяЃ
              325000	 IDLE	01	0	0	яеяҐ0.яяяѓ
              335000	GET05	00	0	0	яеяяяЉяяяЃ

--- жµ‹иЇ•8: е¤ЌдЅЌеђЋй‡Ќж–°ејЂе§‹жµ‹иЇ• ---
              345000	е¤ЌдЅЌзЉ¶жЂЃ	-	-	-	зі»з»џе¤ЌдЅЌ
              355000	е¤ЌдЅЌзЉ¶жЂЃ	-	-	-	зі»з»џе¤ЌдЅЌ
              365000	 IDLE	00	0	0	яеяяяЉяяяЃ
              375000	 IDLE	10	0	0	яЉяяяҐяяяѓ
              385000	GET10	00	0	0	яеяяяЉяяяЃ

==================================================================
д»їзњџжµ‹иЇ•е®Њж€ђ
$finish called at time : 390 ns : File "/home/leo/vivado_project/4_original/4_original.srcs/sim_1/new/test.v" Line 171
