Time resolution is 1 ps
Time	S	R	D	CP	Q	Q_n
-----------------------------------------------------
20000	0	0	0	1	0	1

=== 测试1: 异步复位 ===
40000	0	1	0	1	0	1
60000	0	0	0	1	0	1

=== 测试2: 同步置位 ===
65000	1	0	0	0	0	1
75000	1	0	0	1	1	0
95000	0	0	0	1	0	1

=== 测试3: 正常数据锁存 ===
100000	0	0	1	0	0	1
115000	0	0	1	1	1	0
120000	0	0	0	0	1	0
135000	0	0	0	1	0	1

=== 测试4: 复位和置位同时有效 ===
155000	1	1	1	1	0	1
175000	0	0	1	1	1	0

=== 仿真完成 ===
$finish called at time : 175 ns : File "/home/leo/vivado_project/3_1/3_1.srcs/sim_1/new/test.v" Line 91
