Copyright 1986-2022 Xilinx, Inc. All Rights Reserved. Copyright 2022-2023 Advanced Micro Devices, Inc. All Rights Reserved.
--------------------------------------------------------------------------------------------------------------------------------------------------------------------------------------
| Tool Version : Vivado v.2023.2 (lin64) Build 4029153 Fri Oct 13 20:13:54 MDT 2023
| Date         : Mon Nov 17 22:28:59 2025
| Host         : leo-virtual-machine running 64-bit Ubuntu 20.04.6 LTS
| Command      : report_methodology -file Dec_Add_Sub_CNTR_methodology_drc_routed.rpt -pb Dec_Add_Sub_CNTR_methodology_drc_routed.pb -rpx Dec_Add_Sub_CNTR_methodology_drc_routed.rpx
| Design       : Dec_Add_Sub_CNTR
| Device       : xc7a35tcpg236-1
| Speed File   : -1
| Design State : Fully Routed
--------------------------------------------------------------------------------------------------------------------------------------------------------------------------------------

Report Methodology

Table of Contents
-----------------
1. REPORT SUMMARY
2. REPORT DETAILS

1. REPORT SUMMARY
-----------------
            Netlist: netlist
          Floorplan: design_1
      Design limits: <entire design considered>
             Max violations: <unlimited>
             Violations found: 4
+-----------+------------------+-----------------------------+------------+
| Rule      | Severity         | Description                 | Violations |
+-----------+------------------+-----------------------------+------------+
| TIMING-17 | Critical Warning | Non-clocked sequential cell | 4          |
+-----------+------------------+-----------------------------+------------+

2. REPORT DETAILS
-----------------
TIMING-17#1 Critical Warning
Non-clocked sequential cell  
The clock pin Count_reg[0]/C is not reached by a timing clock
Related violations: <none>

TIMING-17#2 Critical Warning
Non-clocked sequential cell  
The clock pin Count_reg[1]/C is not reached by a timing clock
Related violations: <none>

TIMING-17#3 Critical Warning
Non-clocked sequential cell  
The clock pin Count_reg[2]/C is not reached by a timing clock
Related violations: <none>

TIMING-17#4 Critical Warning
Non-clocked sequential cell  
The clock pin Count_reg[3]/C is not reached by a timing clock
Related violations: <none>


